<?xml version="1.0" encoding="UTF-8"?>
<!-- Generated by org.testng.reporters.JUnitXMLReporter -->
<testsuite ignored="2" hostname="DESKTOP-VFB79Q5" failures="1" tests="1" name="Default test(failed)" time="0.078" errors="0" timestamp="2020-03-26T20:03:10 CET">
  <testcase classname="banka_test.BankTest" name="testTransfer" time="0.024">
    <failure type="java.lang.AssertionError" message="The following asserts failed:
	expected [1000.0] but found [0.0],
	expected [9000.0] but found [10000.0]">
      <![CDATA[java.lang.AssertionError: The following asserts failed:
expected [1000.0] but found [0.0],
expected [9000.0] but found [10000.0]
at banka_test.BankTest.testTransfer(BankTest.java:60)
at java.base/java.util.ArrayList.forEach(ArrayList.java:1507)
... Removed 29 stack frames]]>
    </failure>
  </testcase> <!-- testTransfer -->
  <testcase classname="banka_test.BankTest" name="testOpen" time="0.0">
    <ignored/>
  </testcase> <!-- testOpen -->
  <testcase classname="banka_test.BankTest" name="testUplata" time="0.0">
    <ignored/>
  </testcase> <!-- testUplata -->
</testsuite> <!-- Default test(failed) -->
